<?xml version="1.0" encoding="UTF-8"?>
<robot generator="Robot 6.0.1 (Python 3.11.0 on win32)" generated="20221109 13:28:52.260" rpa="false" schemaversion="3">
<suite id="s1" name="Test Search Google" source="C:\Users\Administrator\Desktop\robot\test_search_google.robot">
<test id="s1-t1" name="Search case" line="19">
<kw name="เปิดเว็บ google.com">
<kw name="Open Browser" library="Selenium2Library">
<arg>${url}</arg>
<arg>${browser}</arg>
<doc>Opens a new browser instance to the optional ``url``.</doc>
<msg timestamp="20221109 13:28:52.393" level="INFO">Opening browser 'chrome' to base url 'https://google.com/'.</msg>
<status status="PASS" starttime="20221109 13:28:52.393" endtime="20221109 13:28:56.994"/>
</kw>
<status status="PASS" starttime="20221109 13:28:52.393" endtime="20221109 13:28:56.995"/>
</kw>
<kw name="ค้นหาตาม keywords">
<kw name="Input Text" library="Selenium2Library">
<arg>name=q</arg>
<arg>${expected_result}</arg>
<doc>Types the given ``text`` into the text field identified by ``locator``.</doc>
<msg timestamp="20221109 13:28:56.996" level="INFO">Typing text 'Podcasts ไทย' into text field 'name=q'.</msg>
<status status="PASS" starttime="20221109 13:28:56.995" endtime="20221109 13:28:57.059"/>
</kw>
<kw name="Submit Form" library="Selenium2Library">
<doc>Submits a form identified by ``locator``.</doc>
<msg timestamp="20221109 13:28:57.060" level="INFO">Submitting form 'None'.</msg>
<status status="PASS" starttime="20221109 13:28:57.060" endtime="20221109 13:28:58.584"/>
</kw>
<status status="PASS" starttime="20221109 13:28:56.995" endtime="20221109 13:28:58.584"/>
</kw>
<kw name="รอผลลัพธ์">
<kw name="Wait Until Page Contains" library="Selenium2Library">
<arg>${expected_result}</arg>
<doc>Waits until ``text`` appears on the current page.</doc>
<status status="PASS" starttime="20221109 13:28:58.584" endtime="20221109 13:28:58.599"/>
</kw>
<status status="PASS" starttime="20221109 13:28:58.584" endtime="20221109 13:28:58.599"/>
</kw>
<status status="PASS" starttime="20221109 13:28:52.382" endtime="20221109 13:28:58.600"/>
</test>
<status status="PASS" starttime="20221109 13:28:52.261" endtime="20221109 13:28:58.601"/>
</suite>
<statistics>
<total>
<stat pass="1" fail="0" skip="0">All Tests</stat>
</total>
<tag>
</tag>
<suite>
<stat pass="1" fail="0" skip="0" id="s1" name="Test Search Google">Test Search Google</stat>
</suite>
</statistics>
<errors>
</errors>
</robot>
